Using pre-set license
Built from '2020.2/release' branch; Version is '2020.2.4f1 (becced5a802b) revision 12504301'; Using compiler version '192528614'; Build Type 'Release'
OS: 'Windows 10 Pro; OS build 19043.928; Version 2009; 64bit' Language: 'es' Physical Memory: 49087 MB
BatchMode: 1, IsHumanControllingUs: 0, StartBugReporterOnCrash: 0, Is64bit: 1, IsPro: 0

 COMMAND LINE ARGUMENTS:
C:\Program Files\Unity\Hub\Editor\2020.2.4f1\Editor\Unity.exe
-adb2
-batchMode
-noUpm
-name
AssetImportWorker0
-projectPath
C:/Users/hmuno/OneDrive/Documentos/GitHub/Castlelvania-Para-Celular
-logFile
Logs/AssetImportWorker0.log
-srvPort
59569
Successfully changed project path to: C:/Users/hmuno/OneDrive/Documentos/GitHub/Castlelvania-Para-Celular
C:/Users/hmuno/OneDrive/Documentos/GitHub/Castlelvania-Para-Celular
Using Asset Import Pipeline V2.
Refreshing native plugins compatible for Editor in 91.69 ms, found 1 plugins.
Preloading 0 native plugins for Editor in 0.00 ms.
Initialize engine version: 2020.2.4f1 (becced5a802b)
[Subsystems] Discovering subsystems at path C:/Program Files/Unity/Hub/Editor/2020.2.4f1/Editor/Data/Resources/UnitySubsystems
[Subsystems] Discovering subsystems at path C:/Users/hmuno/OneDrive/Documentos/GitHub/Castlelvania-Para-Celular/Assets
GfxDevice: creating device client; threaded=0
Direct3D:
    Version:  Direct3D 11.0 [level 11.1]
    Renderer: NVIDIA GeForce GTX 1660 (ID=0x2184)
    Vendor:   
    VRAM:     5991 MB
    Driver:   27.21.14.5671
Shader 'Universal Render Pipeline/Particles/Lit': fallback shader 'Universal Render Pipeline/Particles/SimpleLit' not found
Initialize mono
Mono path[0] = 'C:/Program Files/Unity/Hub/Editor/2020.2.4f1/Editor/Data/Managed'
Mono path[1] = 'C:/Program Files/Unity/Hub/Editor/2020.2.4f1/Editor/Data/MonoBleedingEdge/lib/mono/unityjit'
Mono config path = 'C:/Program Files/Unity/Hub/Editor/2020.2.4f1/Editor/Data/MonoBleedingEdge/etc'
Using monoOptions --debugger-agent=transport=dt_socket,embedding=1,server=y,suspend=n,address=127.0.0.1:56360
Begin MonoManager ReloadAssembly
Registering precompiled unity dll's ...
Register platform support module: C:/Program Files/Unity/Hub/Editor/2020.2.4f1/Editor/Data/PlaybackEngines/WindowsStandaloneSupport/UnityEditor.WindowsStandalone.Extensions.dll
Registered in 0.005221 seconds.
Native extension for WindowsStandalone target not found
Refreshing native plugins compatible for Editor in 129.81 ms, found 1 plugins.
Preloading 0 native plugins for Editor in 0.00 ms.
Invoked RoslynAnalysisRunner static constructor.
RoslynAnalysisRunner will not be running.
RoslynAnalysisRunner has terminated.
Mono: successfully reloaded assembly
- Completed reload, in  2.296 seconds
Platform modules already initialized, skipping
Registering precompiled user dll's ...
Registered in 0.006969 seconds.
Begin MonoManager ReloadAssembly
Native extension for WindowsStandalone target not found
Refreshing native plugins compatible for Editor in 171.12 ms, found 1 plugins.
Preloading 0 native plugins for Editor in 0.00 ms.
Invoked RoslynAnalysisRunner static constructor.
RoslynAnalysisRunner will not be running.
RoslynAnalysisRunner has terminated.
Mono: successfully reloaded assembly
- Completed reload, in  2.637 seconds
Platform modules already initialized, skipping
========================================================================
Worker process is ready to serve import requests
Shader 'Universal Render Pipeline/Particles/Lit': fallback shader 'Universal Render Pipeline/Particles/SimpleLit' not found
Launched and connected shader compiler UnityShaderCompiler.exe after 0.09 seconds
Refreshing native plugins compatible for Editor in 1.10 ms, found 1 plugins.
Preloading 0 native plugins for Editor in 0.00 ms.
Unloading 3097 Unused Serialized files (Serialized files now loaded: 0)
System memory in use before: 135.9 MB.
System memory in use after: 136.1 MB.

Unloading 21 unused Assets to reduce memory usage. Loaded Objects now: 3542.
Total: 5.199900 ms (FindLiveObjects: 0.625900 ms CreateObjectMapping: 0.159100 ms MarkObjects: 4.298400 ms  DeleteObjects: 0.114000 ms)

========================================================================
Received Import Request.
  path: Assets/Scripts/GameManager.cs
  artifactKey: Guid(228e376ecb454c3498ab16cb0349f6cb) Importer(815301076,1909f56bfc062723c751e8b465ee728b)
Start importing Assets/Scripts/GameManager.cs using Guid(228e376ecb454c3498ab16cb0349f6cb) Importer(815301076,1909f56bfc062723c751e8b465ee728b)  -> (artifact id: '8baeb0e62a0a1f28cb99c702a260eb6b') in 0.043236 seconds
  Import took 0.054803 seconds .

========================================================================
Received Import Request.
  Time since last request: 7903.073279 seconds.
  path: Assets/Scripts/GameManager.cs
  artifactKey: Guid(228e376ecb454c3498ab16cb0349f6cb) Importer(815301076,1909f56bfc062723c751e8b465ee728b)
Start importing Assets/Scripts/GameManager.cs using Guid(228e376ecb454c3498ab16cb0349f6cb) Importer(815301076,1909f56bfc062723c751e8b465ee728b)  -> (artifact id: 'd7c17f6dd8d011e7747abf12f412b1c4') in 0.004285 seconds
  Import took 0.018534 seconds .

========================================================================
Received Import Request.
  Time since last request: 0.291021 seconds.
  path: Assets/Scripts/GameManager.cs
  artifactKey: Guid(228e376ecb454c3498ab16cb0349f6cb) Importer(815301076,1909f56bfc062723c751e8b465ee728b)
Start importing Assets/Scripts/GameManager.cs using Guid(228e376ecb454c3498ab16cb0349f6cb) Importer(815301076,1909f56bfc062723c751e8b465ee728b)  -> (artifact id: 'd7c17f6dd8d011e7747abf12f412b1c4') in 0.004033 seconds
  Import took 0.016424 seconds .

========================================================================
Received Prepare
Registering precompiled user dll's ...
Registered in 0.005243 seconds.
Begin MonoManager ReloadAssembly
Native extension for WindowsStandalone target not found
Refreshing native plugins compatible for Editor in 0.67 ms, found 1 plugins.
Preloading 0 native plugins for Editor in 0.00 ms.
Invoked RoslynAnalysisRunner static constructor.
RoslynAnalysisRunner will not be running.
RoslynAnalysisRunner has terminated.
Mono: successfully reloaded assembly
- Completed reload, in  1.435 seconds
Platform modules already initialized, skipping
Shader 'Universal Render Pipeline/Particles/Lit': fallback shader 'Universal Render Pipeline/Particles/SimpleLit' not found
Refreshing native plugins compatible for Editor in 1.39 ms, found 1 plugins.
Preloading 0 native plugins for Editor in 0.00 ms.
Unloading 2970 Unused Serialized files (Serialized files now loaded: 0)
System memory in use before: 128.8 MB.
System memory in use after: 129.0 MB.

Unloading 8 unused Assets to reduce memory usage. Loaded Objects now: 3544.
Total: 4.794200 ms (FindLiveObjects: 0.560200 ms CreateObjectMapping: 0.114600 ms MarkObjects: 4.090400 ms  DeleteObjects: 0.026500 ms)

========================================================================
Received Prepare
Registering precompiled user dll's ...
Registered in 0.004422 seconds.
Begin MonoManager ReloadAssembly
Native extension for WindowsStandalone target not found
Refreshing native plugins compatible for Editor in 0.67 ms, found 1 plugins.
Preloading 0 native plugins for Editor in 0.00 ms.
Invoked RoslynAnalysisRunner static constructor.
RoslynAnalysisRunner will not be running.
RoslynAnalysisRunner has terminated.
Mono: successfully reloaded assembly
- Completed reload, in  1.413 seconds
Platform modules already initialized, skipping
Shader 'Universal Render Pipeline/Particles/Lit': fallback shader 'Universal Render Pipeline/Particles/SimpleLit' not found
Refreshing native plugins compatible for Editor in 1.40 ms, found 1 plugins.
Preloading 0 native plugins for Editor in 0.00 ms.
Unloading 2970 Unused Serialized files (Serialized files now loaded: 0)
System memory in use before: 128.9 MB.
System memory in use after: 129.1 MB.

Unloading 8 unused Assets to reduce memory usage. Loaded Objects now: 3546.
Total: 6.366900 ms (FindLiveObjects: 0.711800 ms CreateObjectMapping: 0.239500 ms MarkObjects: 5.381900 ms  DeleteObjects: 0.031400 ms)

========================================================================
Received Import Request.
  Time since last request: 7935.582452 seconds.
  path: Assets/Scripts/GameManager.cs
  artifactKey: Guid(228e376ecb454c3498ab16cb0349f6cb) Importer(815301076,1909f56bfc062723c751e8b465ee728b)
Start importing Assets/Scripts/GameManager.cs using Guid(228e376ecb454c3498ab16cb0349f6cb) Importer(815301076,1909f56bfc062723c751e8b465ee728b)  -> (artifact id: '635f54c8c70f1903ccaea4119579a2fb') in 0.012108 seconds
  Import took 0.022647 seconds .

========================================================================
Received Import Request.
  Time since last request: 5084.942654 seconds.
  path: Assets/Scripts/proyectiles.cs
  artifactKey: Guid(c1366416fb2ef6642bd088b6b4c4446b) Importer(815301076,1909f56bfc062723c751e8b465ee728b)
Start importing Assets/Scripts/proyectiles.cs using Guid(c1366416fb2ef6642bd088b6b4c4446b) Importer(815301076,1909f56bfc062723c751e8b465ee728b)  -> (artifact id: 'd60025fb28cf7f05b00c9c020e2fe536') in 0.003689 seconds
  Import took 0.016181 seconds .

========================================================================
Received Import Request.
  Time since last request: 0.039785 seconds.
  path: Assets/Scripts/proyectiles.cs
  artifactKey: Guid(c1366416fb2ef6642bd088b6b4c4446b) Importer(815301076,1909f56bfc062723c751e8b465ee728b)
Start importing Assets/Scripts/proyectiles.cs using Guid(c1366416fb2ef6642bd088b6b4c4446b) Importer(815301076,1909f56bfc062723c751e8b465ee728b)  -> (artifact id: 'd60025fb28cf7f05b00c9c020e2fe536') in 0.003015 seconds
  Import took 0.011791 seconds .

========================================================================
Received Import Request.
  Time since last request: 78.162798 seconds.
  path: Assets/Scripts/Player.cs
  artifactKey: Guid(cc1ceddbcc25b6a4eabf225cf8cf1a07) Importer(815301076,1909f56bfc062723c751e8b465ee728b)
Start importing Assets/Scripts/Player.cs using Guid(cc1ceddbcc25b6a4eabf225cf8cf1a07) Importer(815301076,1909f56bfc062723c751e8b465ee728b)  -> (artifact id: '1a772ff738699f5a054173e77dafeda1') in 0.003237 seconds
  Import took 0.011784 seconds .

========================================================================
Received Import Request.
  Time since last request: 113.167829 seconds.
  path: Assets/Scripts/Disparar.cs
  artifactKey: Guid(d928241b9f61ae24ea6ee612585d4b31) Importer(815301076,1909f56bfc062723c751e8b465ee728b)
Start importing Assets/Scripts/Disparar.cs using Guid(d928241b9f61ae24ea6ee612585d4b31) Importer(815301076,1909f56bfc062723c751e8b465ee728b)  -> (artifact id: 'ca19c90a2cc149c830077aff08e44753') in 0.004157 seconds
  Import took 0.014682 seconds .

========================================================================
Received Prepare
Registering precompiled user dll's ...
Registered in 0.004137 seconds.
Begin MonoManager ReloadAssembly
Native extension for WindowsStandalone target not found
Refreshing native plugins compatible for Editor in 0.67 ms, found 1 plugins.
Preloading 0 native plugins for Editor in 0.00 ms.
Invoked RoslynAnalysisRunner static constructor.
RoslynAnalysisRunner will not be running.
RoslynAnalysisRunner has terminated.
Mono: successfully reloaded assembly
- Completed reload, in  1.255 seconds
Platform modules already initialized, skipping
Shader 'Universal Render Pipeline/Particles/Lit': fallback shader 'Universal Render Pipeline/Particles/SimpleLit' not found
Refreshing native plugins compatible for Editor in 0.64 ms, found 1 plugins.
Preloading 0 native plugins for Editor in 0.00 ms.
Unloading 2971 Unused Serialized files (Serialized files now loaded: 0)
System memory in use before: 128.9 MB.
System memory in use after: 129.1 MB.

Unloading 8 unused Assets to reduce memory usage. Loaded Objects now: 3549.
Total: 4.988600 ms (FindLiveObjects: 0.624700 ms CreateObjectMapping: 0.217900 ms MarkObjects: 4.108500 ms  DeleteObjects: 0.036000 ms)

========================================================================
Received Prepare
Registering precompiled user dll's ...
Registered in 0.002865 seconds.
Begin MonoManager ReloadAssembly
Native extension for WindowsStandalone target not found
Refreshing native plugins compatible for Editor in 0.71 ms, found 1 plugins.
Preloading 0 native plugins for Editor in 0.00 ms.
Invoked RoslynAnalysisRunner static constructor.
RoslynAnalysisRunner will not be running.
RoslynAnalysisRunner has terminated.
Mono: successfully reloaded assembly
- Completed reload, in  1.263 seconds
Platform modules already initialized, skipping
Shader 'Universal Render Pipeline/Particles/Lit': fallback shader 'Universal Render Pipeline/Particles/SimpleLit' not found
Refreshing native plugins compatible for Editor in 0.67 ms, found 1 plugins.
Preloading 0 native plugins for Editor in 0.00 ms.
Unloading 2971 Unused Serialized files (Serialized files now loaded: 0)
System memory in use before: 128.9 MB.
System memory in use after: 129.2 MB.

Unloading 8 unused Assets to reduce memory usage. Loaded Objects now: 3551.
Total: 2.894100 ms (FindLiveObjects: 0.368500 ms CreateObjectMapping: 0.085800 ms MarkObjects: 2.413600 ms  DeleteObjects: 0.024800 ms)

========================================================================
Received Import Request.
  Time since last request: 2121.869263 seconds.
  path: Assets/Sprites/Sin título-1.png
  artifactKey: Guid(91a18f2007487044f8ead48d60a67c35) Importer(815301076,1909f56bfc062723c751e8b465ee728b)
Start importing Assets/Sprites/Sin título-1.png using Guid(91a18f2007487044f8ead48d60a67c35) Importer(815301076,1909f56bfc062723c751e8b465ee728b)  -> (artifact id: '292fc53d00094077f35cf625b342c952') in 0.166035 seconds
  Import took 0.180208 seconds .

========================================================================
Received Import Request.
  Time since last request: 9.761241 seconds.
  path: Assets/Sprites/flecha.png
  artifactKey: Guid(91a18f2007487044f8ead48d60a67c35) Importer(815301076,1909f56bfc062723c751e8b465ee728b)
Start importing Assets/Sprites/flecha.png using Guid(91a18f2007487044f8ead48d60a67c35) Importer(815301076,1909f56bfc062723c751e8b465ee728b)  -> (artifact id: '356b5f728b15609d0a26162e9aec511e') in 0.036290 seconds
  Import took 0.051013 seconds .

========================================================================
Received Import Request.
  Time since last request: 5.847077 seconds.
  path: Assets/Sprites/proyectiles
  artifactKey: Guid(6d8eed8cc30313642943a8edcaabfee8) Importer(815301076,1909f56bfc062723c751e8b465ee728b)
Start importing Assets/Sprites/proyectiles using Guid(6d8eed8cc30313642943a8edcaabfee8) Importer(815301076,1909f56bfc062723c751e8b465ee728b)  -> (artifact id: '94a793717967b26feee1381a0ff5c044') in 0.005419 seconds
  Import took 0.018662 seconds .

========================================================================
Received Import Request.
  Time since last request: 0.051460 seconds.
  path: Assets/Sprites/proyectiles/barreno.png
  artifactKey: Guid(54a6cf6294b3e5f40af2d74c37c01367) Importer(815301076,1909f56bfc062723c751e8b465ee728b)
Start importing Assets/Sprites/proyectiles/barreno.png using Guid(54a6cf6294b3e5f40af2d74c37c01367) Importer(815301076,1909f56bfc062723c751e8b465ee728b)  -> (artifact id: 'df7b4764e6aba145e015cb09b3b9eed7') in 0.017452 seconds
  Import took 0.030133 seconds .

========================================================================
Received Import Request.
  Time since last request: 0.000506 seconds.
  path: Assets/Sprites/proyectiles/tachuela.png
  artifactKey: Guid(40f8e960c978dc748b317675451d3145) Importer(815301076,1909f56bfc062723c751e8b465ee728b)
Start importing Assets/Sprites/proyectiles/tachuela.png using Guid(40f8e960c978dc748b317675451d3145) Importer(815301076,1909f56bfc062723c751e8b465ee728b)  -> (artifact id: 'd3351d88964e6c632bbf221ec6437a16') in 0.018286 seconds
  Import took 0.031124 seconds .

========================================================================
Received Import Request.
  Time since last request: 0.001773 seconds.
  path: Assets/Sprites/proyectiles/panal.png
  artifactKey: Guid(d9dbc0e431f6a5f42b258a4e9cbc23ee) Importer(815301076,1909f56bfc062723c751e8b465ee728b)
Start importing Assets/Sprites/proyectiles/panal.png using Guid(d9dbc0e431f6a5f42b258a4e9cbc23ee) Importer(815301076,1909f56bfc062723c751e8b465ee728b)  -> (artifact id: '037d03cac39eaf1d1aca588fb8f25710') in 0.024533 seconds
  Import took 0.039410 seconds .

========================================================================
Received Import Request.
  Time since last request: 0.000601 seconds.
  path: Assets/Sprites/proyectiles/roca_agrietada.png
  artifactKey: Guid(4ca8fa730ffdf29479e15320aba575d1) Importer(815301076,1909f56bfc062723c751e8b465ee728b)
Start importing Assets/Sprites/proyectiles/roca_agrietada.png using Guid(4ca8fa730ffdf29479e15320aba575d1) Importer(815301076,1909f56bfc062723c751e8b465ee728b)  -> (artifact id: '371c5ccd0e79ea9e22534bae6ebd1b18') in 0.015269 seconds
  Import took 0.031529 seconds .

========================================================================
Received Import Request.
  Time since last request: 0.000318 seconds.
  path: Assets/Sprites/proyectiles/roca.png
  artifactKey: Guid(3927f0501933d0e48a8a4038b2e6c6e1) Importer(815301076,1909f56bfc062723c751e8b465ee728b)
Start importing Assets/Sprites/proyectiles/roca.png using Guid(3927f0501933d0e48a8a4038b2e6c6e1) Importer(815301076,1909f56bfc062723c751e8b465ee728b)  -> (artifact id: '81bff01077f4c408010b884697ffd9ce') in 0.027074 seconds
  Import took 0.038454 seconds .

========================================================================
Received Import Request.
  Time since last request: 0.000306 seconds.
  path: Assets/Sprites/proyectiles/lata.png
  artifactKey: Guid(f299ae77ad6cf3e4b9942793e1265649) Importer(815301076,1909f56bfc062723c751e8b465ee728b)
Start importing Assets/Sprites/proyectiles/lata.png using Guid(f299ae77ad6cf3e4b9942793e1265649) Importer(815301076,1909f56bfc062723c751e8b465ee728b)  -> (artifact id: '4c875c51340a635a629343c562ac3f00') in 0.016165 seconds
  Import took 0.028085 seconds .

========================================================================
Received Import Request.
  Time since last request: 0.000558 seconds.
  path: Assets/Sprites/proyectiles/pelota.png
  artifactKey: Guid(d63cd2e015de86a4cbbde9bdb8f320cc) Importer(815301076,1909f56bfc062723c751e8b465ee728b)
Start importing Assets/Sprites/proyectiles/pelota.png using Guid(d63cd2e015de86a4cbbde9bdb8f320cc) Importer(815301076,1909f56bfc062723c751e8b465ee728b)  -> (artifact id: '81f3f26d298ca9d60f66d6d1fc5ec666') in 0.019690 seconds
  Import took 0.033744 seconds .

========================================================================
Received Import Request.
  Time since last request: 0.000371 seconds.
  path: Assets/Sprites/proyectiles/rama.png
  artifactKey: Guid(ce2966c7a89fcfe498536ba2d2ea8284) Importer(815301076,1909f56bfc062723c751e8b465ee728b)
Start importing Assets/Sprites/proyectiles/rama.png using Guid(ce2966c7a89fcfe498536ba2d2ea8284) Importer(815301076,1909f56bfc062723c751e8b465ee728b)  -> (artifact id: 'db327fdcc1e4e6f53eb8cc24631ee96e') in 0.016029 seconds
  Import took 0.031248 seconds .

========================================================================
Received Import Request.
  Time since last request: 20.128499 seconds.
  path: Assets/Sprites/proyectiles/barreno.png
  artifactKey: Guid(54a6cf6294b3e5f40af2d74c37c01367) Importer(815301076,1909f56bfc062723c751e8b465ee728b)
Start importing Assets/Sprites/proyectiles/barreno.png using Guid(54a6cf6294b3e5f40af2d74c37c01367) Importer(815301076,1909f56bfc062723c751e8b465ee728b)  -> (artifact id: '25ee1da10abf4a1faa28d84ea2304141') in 0.076626 seconds
  Import took 0.087849 seconds .

========================================================================
Received Import Request.
  Time since last request: 0.000298 seconds.
  path: Assets/Sprites/proyectiles/flecha.png
  artifactKey: Guid(91a18f2007487044f8ead48d60a67c35) Importer(815301076,1909f56bfc062723c751e8b465ee728b)
Start importing Assets/Sprites/proyectiles/flecha.png using Guid(91a18f2007487044f8ead48d60a67c35) Importer(815301076,1909f56bfc062723c751e8b465ee728b)  -> (artifact id: '8956cde48b58925df834e6efd7d7f036') in 0.067983 seconds
  Import took 0.083163 seconds .

========================================================================
Received Import Request.
  Time since last request: 0.000434 seconds.
  path: Assets/Sprites/proyectiles/tachuela.png
  artifactKey: Guid(40f8e960c978dc748b317675451d3145) Importer(815301076,1909f56bfc062723c751e8b465ee728b)
Start importing Assets/Sprites/proyectiles/tachuela.png using Guid(40f8e960c978dc748b317675451d3145) Importer(815301076,1909f56bfc062723c751e8b465ee728b)  -> (artifact id: '87f986f2ca4796e1996a4089bdbf7686') in 0.022845 seconds
  Import took 0.036436 seconds .

========================================================================
Received Import Request.
  Time since last request: 0.000489 seconds.
  path: Assets/Sprites/proyectiles/panal.png
  artifactKey: Guid(d9dbc0e431f6a5f42b258a4e9cbc23ee) Importer(815301076,1909f56bfc062723c751e8b465ee728b)
Start importing Assets/Sprites/proyectiles/panal.png using Guid(d9dbc0e431f6a5f42b258a4e9cbc23ee) Importer(815301076,1909f56bfc062723c751e8b465ee728b)  -> (artifact id: 'b53f599074d5bc959064bf0b97ec910a') in 0.023243 seconds
  Import took 0.039902 seconds .

========================================================================
Received Import Request.
  Time since last request: 0.000479 seconds.
  path: Assets/Sprites/proyectiles/roca_agrietada.png
  artifactKey: Guid(4ca8fa730ffdf29479e15320aba575d1) Importer(815301076,1909f56bfc062723c751e8b465ee728b)
Start importing Assets/Sprites/proyectiles/roca_agrietada.png using Guid(4ca8fa730ffdf29479e15320aba575d1) Importer(815301076,1909f56bfc062723c751e8b465ee728b)  -> (artifact id: 'c9403390d7cdf538d23ea9525bdd8a2c') in 0.018508 seconds
  Import took 0.032368 seconds .

========================================================================
Received Import Request.
  Time since last request: 0.000348 seconds.
  path: Assets/Sprites/proyectiles/roca.png
  artifactKey: Guid(3927f0501933d0e48a8a4038b2e6c6e1) Importer(815301076,1909f56bfc062723c751e8b465ee728b)
Start importing Assets/Sprites/proyectiles/roca.png using Guid(3927f0501933d0e48a8a4038b2e6c6e1) Importer(815301076,1909f56bfc062723c751e8b465ee728b)  -> (artifact id: '3fb7d03fd71fc8f7286bab91977406b2') in 0.018380 seconds
  Import took 0.033788 seconds .

========================================================================
Received Import Request.
  Time since last request: 0.000424 seconds.
  path: Assets/Sprites/proyectiles/lata.png
  artifactKey: Guid(f299ae77ad6cf3e4b9942793e1265649) Importer(815301076,1909f56bfc062723c751e8b465ee728b)
Start importing Assets/Sprites/proyectiles/lata.png using Guid(f299ae77ad6cf3e4b9942793e1265649) Importer(815301076,1909f56bfc062723c751e8b465ee728b)  -> (artifact id: 'd8c66c409e808f32c92b26f733fb1cf7') in 0.017801 seconds
  Import took 0.033128 seconds .

========================================================================
Received Import Request.
  Time since last request: 0.000524 seconds.
  path: Assets/Sprites/proyectiles/pelota.png
  artifactKey: Guid(d63cd2e015de86a4cbbde9bdb8f320cc) Importer(815301076,1909f56bfc062723c751e8b465ee728b)
Start importing Assets/Sprites/proyectiles/pelota.png using Guid(d63cd2e015de86a4cbbde9bdb8f320cc) Importer(815301076,1909f56bfc062723c751e8b465ee728b)  -> (artifact id: 'e4eefd6c980263f5d6cd73c3c26b25cd') in 0.021335 seconds
  Import took 0.038181 seconds .

========================================================================
Received Import Request.
  Time since last request: 0.000343 seconds.
  path: Assets/Sprites/proyectiles/lata.png
  artifactKey: Guid(f299ae77ad6cf3e4b9942793e1265649) Importer(815301076,1909f56bfc062723c751e8b465ee728b)
Start importing Assets/Sprites/proyectiles/lata.png using Guid(f299ae77ad6cf3e4b9942793e1265649) Importer(815301076,1909f56bfc062723c751e8b465ee728b)  -> (artifact id: 'd8c66c409e808f32c92b26f733fb1cf7') in 0.021937 seconds
  Import took 0.035109 seconds .

========================================================================
Received Import Request.
  Time since last request: 0.000645 seconds.
  path: Assets/Sprites/proyectiles/rama.png
  artifactKey: Guid(ce2966c7a89fcfe498536ba2d2ea8284) Importer(815301076,1909f56bfc062723c751e8b465ee728b)
Start importing Assets/Sprites/proyectiles/rama.png using Guid(ce2966c7a89fcfe498536ba2d2ea8284) Importer(815301076,1909f56bfc062723c751e8b465ee728b)  -> (artifact id: 'b2a23321e219ac50a0f8c3bbf6b2dc8b') in 0.020523 seconds
  Import took 0.034638 seconds .

========================================================================
Received Import Request.
  Time since last request: 45.645155 seconds.
  path: Assets/Prefabs/Abeja.prefab
  artifactKey: Guid(8bdb0d0d9e2669e449534545d714e085) Importer(815301076,1909f56bfc062723c751e8b465ee728b)
Start importing Assets/Prefabs/Abeja.prefab using Guid(8bdb0d0d9e2669e449534545d714e085) Importer(815301076,1909f56bfc062723c751e8b465ee728b)  -> (artifact id: 'ee32253bd45a4ccff1680d895c461ee5') in 0.278536 seconds
  Import took 0.298511 seconds .

========================================================================
Received Import Request.
  Time since last request: 0.000364 seconds.
  path: Assets/Prefabs/Hormiga.prefab
  artifactKey: Guid(2a24aa6de999b2845a654c740afa82d6) Importer(815301076,1909f56bfc062723c751e8b465ee728b)
Start importing Assets/Prefabs/Hormiga.prefab using Guid(2a24aa6de999b2845a654c740afa82d6) Importer(815301076,1909f56bfc062723c751e8b465ee728b)  -> (artifact id: '9334cb623070af2d00e67d9a6605cc96') in 0.037329 seconds
  Import took 0.049884 seconds .

========================================================================
Received Import Request.
  Time since last request: 0.000527 seconds.
  path: Assets/Prefabs/roca_1.prefab
  artifactKey: Guid(f0216236c878c134fbd8965629721229) Importer(815301076,1909f56bfc062723c751e8b465ee728b)
Start importing Assets/Prefabs/roca_1.prefab using Guid(f0216236c878c134fbd8965629721229) Importer(815301076,1909f56bfc062723c751e8b465ee728b)  -> (artifact id: 'c00f50faac97c9f43c4b3972456a54d1') in 0.035268 seconds
  Import took 0.050651 seconds .

========================================================================
Received Import Request.
  Time since last request: 0.000367 seconds.
  path: Assets/Prefabs/Player.prefab
  artifactKey: Guid(5355866b7a068b74d912f528e119d65b) Importer(815301076,1909f56bfc062723c751e8b465ee728b)
Start importing Assets/Prefabs/Player.prefab using Guid(5355866b7a068b74d912f528e119d65b) Importer(815301076,1909f56bfc062723c751e8b465ee728b)  -> (artifact id: '17ac52a627929c347520617ae41e3637') in 0.019435 seconds
  Import took 0.032815 seconds .

========================================================================
Received Import Request.
  Time since last request: 176.121136 seconds.
  path: Assets/Sprites/proyectiles/flecha.png
  artifactKey: Guid(91a18f2007487044f8ead48d60a67c35) Importer(815301076,1909f56bfc062723c751e8b465ee728b)
Start importing Assets/Sprites/proyectiles/flecha.png using Guid(91a18f2007487044f8ead48d60a67c35) Importer(815301076,1909f56bfc062723c751e8b465ee728b)  -> (artifact id: '3189034cef4aa163ebbfac48dd946172') in 0.060423 seconds
  Import took 0.076433 seconds .

========================================================================
Received Prepare
Registering precompiled user dll's ...
Registered in 0.004430 seconds.
Begin MonoManager ReloadAssembly
Native extension for WindowsStandalone target not found
Refreshing native plugins compatible for Editor in 0.88 ms, found 1 plugins.
Preloading 0 native plugins for Editor in 0.00 ms.
Invoked RoslynAnalysisRunner static constructor.
RoslynAnalysisRunner will not be running.
RoslynAnalysisRunner has terminated.
Mono: successfully reloaded assembly
- Completed reload, in  1.812 seconds
Platform modules already initialized, skipping
Shader 'Universal Render Pipeline/Particles/Lit': fallback shader 'Universal Render Pipeline/Particles/SimpleLit' not found
Refreshing native plugins compatible for Editor in 0.89 ms, found 1 plugins.
Preloading 0 native plugins for Editor in 0.00 ms.
Unloading 2971 Unused Serialized files (Serialized files now loaded: 0)
System memory in use before: 134.2 MB.
System memory in use after: 134.4 MB.

Unloading 8 unused Assets to reduce memory usage. Loaded Objects now: 3603.
Total: 4.881500 ms (FindLiveObjects: 0.743700 ms CreateObjectMapping: 0.218300 ms MarkObjects: 3.889800 ms  DeleteObjects: 0.027300 ms)

========================================================================
Received Prepare
Registering precompiled user dll's ...
Registered in 0.004334 seconds.
Begin MonoManager ReloadAssembly
Native extension for WindowsStandalone target not found
Refreshing native plugins compatible for Editor in 1.06 ms, found 1 plugins.
Preloading 0 native plugins for Editor in 0.00 ms.
Invoked RoslynAnalysisRunner static constructor.
RoslynAnalysisRunner will not be running.
RoslynAnalysisRunner has terminated.
Mono: successfully reloaded assembly
- Completed reload, in  1.731 seconds
Platform modules already initialized, skipping
Shader 'Universal Render Pipeline/Particles/Lit': fallback shader 'Universal Render Pipeline/Particles/SimpleLit' not found
Refreshing native plugins compatible for Editor in 1.37 ms, found 1 plugins.
Preloading 0 native plugins for Editor in 0.00 ms.
Unloading 2971 Unused Serialized files (Serialized files now loaded: 0)
System memory in use before: 134.2 MB.
System memory in use after: 134.4 MB.

Unloading 8 unused Assets to reduce memory usage. Loaded Objects now: 3605.
Total: 6.589500 ms (FindLiveObjects: 0.740900 ms CreateObjectMapping: 0.246600 ms MarkObjects: 5.570900 ms  DeleteObjects: 0.028200 ms)

========================================================================
Received Prepare
Registering precompiled user dll's ...
Registered in 0.004193 seconds.
Begin MonoManager ReloadAssembly
Native extension for WindowsStandalone target not found
Refreshing native plugins compatible for Editor in 1.02 ms, found 1 plugins.
Preloading 0 native plugins for Editor in 0.00 ms.
Invoked RoslynAnalysisRunner static constructor.
RoslynAnalysisRunner will not be running.
RoslynAnalysisRunner has terminated.
Mono: successfully reloaded assembly
- Completed reload, in  1.710 seconds
Platform modules already initialized, skipping
Shader 'Universal Render Pipeline/Particles/Lit': fallback shader 'Universal Render Pipeline/Particles/SimpleLit' not found
Refreshing native plugins compatible for Editor in 1.14 ms, found 1 plugins.
Preloading 0 native plugins for Editor in 0.00 ms.
Unloading 2971 Unused Serialized files (Serialized files now loaded: 0)
System memory in use before: 134.2 MB.
System memory in use after: 134.4 MB.

Unloading 8 unused Assets to reduce memory usage. Loaded Objects now: 3607.
Total: 4.264500 ms (FindLiveObjects: 0.494200 ms CreateObjectMapping: 0.108000 ms MarkObjects: 3.451800 ms  DeleteObjects: 0.208700 ms)

========================================================================
Received Prepare
Registering precompiled user dll's ...
Registered in 0.004667 seconds.
Begin MonoManager ReloadAssembly
Native extension for WindowsStandalone target not found
Refreshing native plugins compatible for Editor in 1.31 ms, found 1 plugins.
Preloading 0 native plugins for Editor in 0.00 ms.
Invoked RoslynAnalysisRunner static constructor.
RoslynAnalysisRunner will not be running.
RoslynAnalysisRunner has terminated.
Mono: successfully reloaded assembly
- Completed reload, in  1.733 seconds
Platform modules already initialized, skipping
Shader 'Universal Render Pipeline/Particles/Lit': fallback shader 'Universal Render Pipeline/Particles/SimpleLit' not found
Refreshing native plugins compatible for Editor in 1.24 ms, found 1 plugins.
Preloading 0 native plugins for Editor in 0.00 ms.
Unloading 2971 Unused Serialized files (Serialized files now loaded: 0)
System memory in use before: 134.2 MB.
System memory in use after: 134.4 MB.

Unloading 8 unused Assets to reduce memory usage. Loaded Objects now: 3609.
Total: 6.512500 ms (FindLiveObjects: 0.600400 ms CreateObjectMapping: 0.143900 ms MarkObjects: 5.732900 ms  DeleteObjects: 0.032300 ms)

========================================================================
Received Prepare
Registering precompiled user dll's ...
Registered in 0.004171 seconds.
Begin MonoManager ReloadAssembly
Native extension for WindowsStandalone target not found
Refreshing native plugins compatible for Editor in 1.24 ms, found 1 plugins.
Preloading 0 native plugins for Editor in 0.00 ms.
Invoked RoslynAnalysisRunner static constructor.
RoslynAnalysisRunner will not be running.
RoslynAnalysisRunner has terminated.
Mono: successfully reloaded assembly
- Completed reload, in  2.000 seconds
Platform modules already initialized, skipping
Shader 'Universal Render Pipeline/Particles/Lit': fallback shader 'Universal Render Pipeline/Particles/SimpleLit' not found
Refreshing native plugins compatible for Editor in 1.30 ms, found 1 plugins.
Preloading 0 native plugins for Editor in 0.00 ms.
Unloading 2971 Unused Serialized files (Serialized files now loaded: 0)
System memory in use before: 134.2 MB.
System memory in use after: 134.4 MB.

Unloading 8 unused Assets to reduce memory usage. Loaded Objects now: 3611.
Total: 5.271900 ms (FindLiveObjects: 0.616800 ms CreateObjectMapping: 0.173800 ms MarkObjects: 4.452500 ms  DeleteObjects: 0.026500 ms)

========================================================================
Received Import Request.
  Time since last request: 579.293179 seconds.
  path: Assets/Scripts/Player.cs
  artifactKey: Guid(cc1ceddbcc25b6a4eabf225cf8cf1a07) Importer(815301076,1909f56bfc062723c751e8b465ee728b)
Start importing Assets/Scripts/Player.cs using Guid(cc1ceddbcc25b6a4eabf225cf8cf1a07) Importer(815301076,1909f56bfc062723c751e8b465ee728b)  -> (artifact id: '7575b14f19fce7cc815b69d879f69854') in 0.010864 seconds
  Import took 0.026825 seconds .

========================================================================
Received Prepare
Registering precompiled user dll's ...
Registered in 0.003258 seconds.
Begin MonoManager ReloadAssembly
Native extension for WindowsStandalone target not found
Refreshing native plugins compatible for Editor in 1.43 ms, found 1 plugins.
Preloading 0 native plugins for Editor in 0.00 ms.
Invoked RoslynAnalysisRunner static constructor.
RoslynAnalysisRunner will not be running.
RoslynAnalysisRunner has terminated.
Mono: successfully reloaded assembly
- Completed reload, in  1.848 seconds
Platform modules already initialized, skipping
Shader 'Universal Render Pipeline/Particles/Lit': fallback shader 'Universal Render Pipeline/Particles/SimpleLit' not found
Refreshing native plugins compatible for Editor in 0.92 ms, found 1 plugins.
Preloading 0 native plugins for Editor in 0.00 ms.
Unloading 2971 Unused Serialized files (Serialized files now loaded: 0)
System memory in use before: 134.2 MB.
System memory in use after: 134.4 MB.

Unloading 8 unused Assets to reduce memory usage. Loaded Objects now: 3613.
Total: 5.668800 ms (FindLiveObjects: 0.572000 ms CreateObjectMapping: 0.153500 ms MarkObjects: 4.915600 ms  DeleteObjects: 0.025100 ms)

========================================================================
Received Prepare
Registering precompiled user dll's ...
Registered in 0.006167 seconds.
Begin MonoManager ReloadAssembly
Native extension for WindowsStandalone target not found
Refreshing native plugins compatible for Editor in 1.40 ms, found 1 plugins.
Preloading 0 native plugins for Editor in 0.00 ms.
Invoked RoslynAnalysisRunner static constructor.
RoslynAnalysisRunner will not be running.
RoslynAnalysisRunner has terminated.
Mono: successfully reloaded assembly
- Completed reload, in  2.027 seconds
Platform modules already initialized, skipping
Shader 'Universal Render Pipeline/Particles/Lit': fallback shader 'Universal Render Pipeline/Particles/SimpleLit' not found
Refreshing native plugins compatible for Editor in 1.57 ms, found 1 plugins.
Preloading 0 native plugins for Editor in 0.00 ms.
Unloading 2971 Unused Serialized files (Serialized files now loaded: 0)
System memory in use before: 134.2 MB.
System memory in use after: 134.4 MB.

Unloading 8 unused Assets to reduce memory usage. Loaded Objects now: 3615.
Total: 5.788300 ms (FindLiveObjects: 0.625700 ms CreateObjectMapping: 0.122000 ms MarkObjects: 5.013400 ms  DeleteObjects: 0.025400 ms)

AssetImportWorkerClient::OnTransportError - code=2 error=End of file
